app/build/outputs/logs/manifest-merger-debug-report.txt
-- Merging decision tree log ---
manifest
ADDED from src/main/AndroidManifest.xml:2:1-36:12
	package
		ADDED from src/main/AndroidManifest.xml:3:2-22
		INJECTED from src/main/AndroidManifest.xml
		INJECTED from src/main/AndroidManifest.xml
	android:versionName
		ADDED from src/main/AndroidManifest.xml:3:47-72
	android:versionCode
		ADDED from src/main/AndroidManifest.xml:3:23-46
		INJECTED from src/main/AndroidManifest.xml
		INJECTED from src/main/AndroidManifest.xml
	xmlns:android
		ADDED from src/main/AndroidManifest.xml:2:11-69
uses-sdk
ADDED from src/main/AndroidManifest.xml:4:2-40
	android:targetSdkVersion
		INJECTED from src/main/AndroidManifest.xml
		INJECTED from src/main/AndroidManifest.xml
	android:minSdkVersion
		ADDED from src/main/AndroidManifest.xml:4:12-37
		INJECTED from src/main/AndroidManifest.xml
		INJECTED from src/main/AndroidManifest.xml
uses-permission#android.permission.INTERNET
ADDED from src/main/AndroidManifest.xml:6:2-64
	android:name
		ADDED from src/main/AndroidManifest.xml:6:19-61
uses-permission#android.permission.ACCESS_WIFI_STATE
ADDED from src/main/AndroidManifest.xml:7:2-73
	android:name
		ADDED from src/main/AndroidManifest.xml:7:19-70
uses-permission#android.permission.CHANGE_WIFI_MULTICAST_STATE
ADDED from src/main/AndroidManifest.xml:8:2-83
	android:name
		ADDED from src/main/AndroidManifest.xml:8:19-80
uses-permission#android.permission.ACCESS_NETWORK_STATE
ADDED from src/main/AndroidManifest.xml:9:2-76
	android:name
		ADDED from src/main/AndroidManifest.xml:9:19-73
uses-permission#android.permission.READ_EXTERNAL_STORAGE
ADDED from src/main/AndroidManifest.xml:10:2-77
	android:name
		ADDED from src/main/AndroidManifest.xml:10:19-74
application
ADDED from src/main/AndroidManifest.xml:12:2-35:16
	android:label
		ADDED from src/main/AndroidManifest.xml:13:3-35
	android:debuggable
		ADDED from src/main/AndroidManifest.xml:14:3-28
	android:icon
		ADDED from src/main/AndroidManifest.xml:12:15-44
activity#com.wireme.activity.MainActivity
ADDED from src/main/AndroidManifest.xml:16:3-26:14
	android:label
		ADDED from src/main/AndroidManifest.xml:17:4-36
	android:configChanges
		ADDED from src/main/AndroidManifest.xml:19:4-54
	android:theme
		ADDED from src/main/AndroidManifest.xml:18:4-51
	android:name
		ADDED from src/main/AndroidManifest.xml:16:13-50
intent-filter#android.intent.action.MAIN+android.intent.category.LAUNCHER
ADDED from src/main/AndroidManifest.xml:21:4-24:20
action#android.intent.action.MAIN
ADDED from src/main/AndroidManifest.xml:22:5-57
	android:name
		ADDED from src/main/AndroidManifest.xml:22:13-54
category#android.intent.category.LAUNCHER
ADDED from src/main/AndroidManifest.xml:23:5-65
	android:name
		ADDED from src/main/AndroidManifest.xml:23:15-62
activity#com.wireme.player.GPlayer
ADDED from src/main/AndroidManifest.xml:28:3-31:14
	android:configChanges
		ADDED from src/main/AndroidManifest.xml:30:4-54
	android:theme
		ADDED from src/main/AndroidManifest.xml:29:4-51
	android:name
		ADDED from src/main/AndroidManifest.xml:28:13-43
service#com.wireme.activity.WireUpnpService
ADDED from src/main/AndroidManifest.xml:33:3-55
	android:name
		ADDED from src/main/AndroidManifest.xml:33:12-52